[ERROR]: 2024-02-12 13:04:29 - Error couc
[INFO]: 2024-02-12 13:04:29 - Fetched all posts
time="2024-02-12T13:13:47+05:30" level=info msg="Fetched all posts"
time="2024-02-12T13:18:50+05:30" level=info msg="Fetched all posts"
[INFO]: 2024-02-13 11:42:24 - User created sucessfully
[INFO]: 2024-02-13 11:46:20 - User created sucessfully
[INFO]: 2024-02-13 12:03:49 - User created sucessfully
[INFO]: 2024-02-14 12:48:35 - User created sucessfully
[INFO]: 2024-02-14 13:04:56 - Posts fetched by the category
[INFO]: 2024-02-14 13:10:06 - Posts fetched by the category
[INFO]: 2024-02-14 19:05:51 - User login sucessfully
[INFO]: 2024-02-14 19:28:24 - Category created sucessfully
[INFO]: 2024-02-14 19:31:15 - Post created sucessfully
[ERROR]: 2024-02-15 11:37:56 - Cannot invalid user credentials
[ERROR]: 2024-02-15 11:39:22 - Cannot invalid user credentials
[ERROR]: 2024-02-15 11:40:26 - Cannot invalid user credentials
[ERROR]: 2024-02-15 11:47:41 - Cannot invalid user credentials
[INFO]: 2024-02-15 11:54:56 - User login sucessfully
[ERROR]: 2024-02-15 11:59:34 - Cannot invalid user credentials
[INFO]: 2024-02-15 12:00:03 - User login sucessfully
[INFO]: 2024-02-15 12:07:59 - Posts fetched by the category
[INFO]: 2024-02-15 12:15:51 - User login sucessfully
[INFO]: 2024-02-15 12:18:25 - User login sucessfully
[INFO]: 2024-02-15 12:22:28 - User login sucessfully
[INFO]: 2024-02-15 12:23:33 - User login sucessfully
[INFO]: 2024-02-15 12:23:37 - User login sucessfully
[INFO]: 2024-02-15 12:23:50 - User login sucessfully
[INFO]: 2024-02-15 12:30:06 - Posts fetched by the category
[INFO]: 2024-02-15 12:31:43 - Posts fetched by the category
[INFO]: 2024-02-15 12:51:10 - User login sucessfully
[INFO]: 2024-02-15 12:53:15 - Category created sucessfully
[INFO]: 2024-02-15 12:54:03 - Post created sucessfully
[INFO]: 2024-02-15 12:55:51 - updated post sucessfully
[INFO]: 2024-02-15 12:56:53 - Post deleted sucessfully
[INFO]: 2024-02-15 12:57:42 - Fetched all posts
[INFO]: 2024-02-15 12:57:59 - Fetched all posts
[INFO]: 2024-02-15 12:58:52 - User created sucessfully
[INFO]: 2024-02-15 12:58:59 - User login sucessfully
[INFO]: 2024-02-15 13:00:01 - Fetched all posts
[INFO]: 2024-02-15 13:00:49 - Fetched all posts
[ERROR]: 2024-02-15 13:01:12 - Error occured
[INFO]: 2024-02-15 13:03:11 - Fetched all posts
[ERROR]: 2024-02-15 13:07:08 - Error occured
[ERROR]: 2024-02-15 13:07:53 - Error occured
[INFO]: 2024-02-15 13:17:41 - Fetched all posts
[INFO]: 2024-02-15 13:21:15 - Fetched all posts
[INFO]: 2024-02-15 13:51:19 - Fetched all posts
[INFO]: 2024-02-15 13:52:35 - Comment created sucessfully
[INFO]: 2024-02-15 13:52:43 - Fetched all posts
[INFO]: 2024-02-15 13:53:41 - Fetched all posts
[INFO]: 2024-02-15 13:55:13 - Fetched all posts
[INFO]: 2024-02-15 13:56:28 - Fetched all posts
[INFO]: 2024-02-15 14:01:47 - Fetched all posts
[INFO]: 2024-02-15 14:58:01 - Fetched all posts
[INFO]: 2024-02-15 15:06:50 - Fetched all posts
[INFO]: 2024-02-15 15:07:26 - Fetched all posts
[INFO]: 2024-02-15 15:07:44 - Fetched all posts
[INFO]: 2024-02-15 15:15:01 - Fetched all posts
[INFO]: 2024-02-15 15:16:26 - Fetched all posts
[INFO]: 2024-02-15 15:24:54 - Fetched all posts
[INFO]: 2024-02-15 15:24:56 - Fetched all posts
[INFO]: 2024-02-15 15:25:52 - Fetched all posts
[INFO]: 2024-02-15 15:28:27 - Fetched all posts
[INFO]: 2024-02-15 15:30:45 - Fetched all posts
[INFO]: 2024-02-15 15:31:30 - Fetched all posts
[INFO]: 2024-02-15 15:32:47 - Fetched all posts
[INFO]: 2024-02-15 15:36:18 - Fetched all posts
[INFO]: 2024-02-15 15:43:08 - Fetched all posts
[INFO]: 2024-02-15 16:22:53 - Fetched all posts
[INFO]: 2024-02-15 16:23:57 - Posts fetched by the category
[INFO]: 2024-02-15 16:25:05 - Posts fetched by the category
[ERROR]: 2024-02-15 16:33:12 - Cannot find post in the cateogory
[ERROR]: 2024-02-15 16:33:46 - Cannot find post in the cateogory
[INFO]: 2024-02-15 16:36:31 - Posts fetched by the category
[INFO]: 2024-02-15 16:37:07 - Posts fetched by the category
[INFO]: 2024-02-15 16:37:38 - Posts fetched by the category
[INFO]: 2024-02-15 16:40:03 - Posts fetched by the category
[ERROR]: 2024-02-15 16:42:22 - Cannot find post in the cateogory
[ERROR]: 2024-02-15 16:49:07 - Cannot find post in the cateogory
[ERROR]: 2024-02-15 16:49:09 - Cannot find post in the cateogory
[ERROR]: 2024-02-15 17:04:01 - Cannot find post in the cateogory
[ERROR]: 2024-02-15 17:04:36 - Cannot find post in the cateogory
[ERROR]: 2024-02-15 17:05:36 - Cannot find post in the cateogory
[ERROR]: 2024-02-15 17:08:49 - Cannot find post in the cateogory
[ERROR]: 2024-02-15 17:09:36 - Cannot find post in the cateogory
[ERROR]: 2024-02-15 17:10:00 - Cannot find post in the cateogory
[ERROR]: 2024-02-15 17:10:40 - Cannot find post in the cateogory
[ERROR]: 2024-02-15 17:14:17 - Cannot find post in the cateogory
[ERROR]: 2024-02-15 17:16:00 - Cannot find post in the cateogory
[ERROR]: 2024-02-15 17:16:22 - Cannot find post in the cateogory
[ERROR]: 2024-02-15 17:17:56 - Cannot find post in the cateogory
[ERROR]: 2024-02-15 17:21:40 - Cannot find post in the cateogory
[ERROR]: 2024-02-15 17:22:31 - Cannot find post in the cateogory
[ERROR]: 2024-02-15 17:26:51 - Cannot find post in the cateogory
[ERROR]: 2024-02-15 17:26:52 - Cannot find post in the cateogory
[ERROR]: 2024-02-15 17:28:18 - Cannot find post in the cateogory
[ERROR]: 2024-02-15 17:29:14 - Cannot find post in the cateogory
[ERROR]: 2024-02-15 17:30:20 - Cannot find post in the cateogory
[ERROR]: 2024-02-15 17:31:33 - Cannot find post in the cateogory
[ERROR]: 2024-02-15 17:32:20 - Cannot find post in the cateogory
[ERROR]: 2024-02-15 17:34:55 - Cannot find post in the cateogory
[ERROR]: 2024-02-15 17:35:27 - Cannot find post in the cateogory
[ERROR]: 2024-02-15 17:36:53 - Cannot find post in the cateogory
[ERROR]: 2024-02-15 17:36:56 - Cannot find post in the cateogory
[ERROR]: 2024-02-15 17:37:51 - Cannot find post in the cateogory
[ERROR]: 2024-02-15 17:39:21 - Cannot find post in the cateogory
[ERROR]: 2024-02-15 17:40:55 - Cannot find post in the cateogory
[INFO]: 2024-02-15 17:58:27 - Posts fetched by the category
[INFO]: 2024-02-15 17:59:37 - Posts fetched by the category
[INFO]: 2024-02-15 18:01:17 - Posts fetched by the category
[INFO]: 2024-02-15 18:20:01 - Posts fetched by the category
[INFO]: 2024-02-15 18:21:42 - Posts fetched by the category
[INFO]: 2024-02-15 18:42:19 - Posts fetched by the category
[INFO]: 2024-02-15 19:05:04 - Posts fetched by the category
[INFO]: 2024-02-15 19:05:20 - User login sucessfully
[INFO]: 2024-02-15 19:05:38 - Category created sucessfully
[INFO]: 2024-02-15 19:07:17 - Post created sucessfully
[INFO]: 2024-02-15 19:28:27 - User created sucessfully
[INFO]: 2024-02-15 19:28:40 - User login sucessfully
[INFO]: 2024-02-15 19:29:25 - Category created sucessfully
[INFO]: 2024-02-15 19:30:08 - Category created sucessfully
[INFO]: 2024-02-15 19:30:16 - Post created sucessfully
[ERROR]: 2024-02-15 19:30:41 - Cannot create new comment
[ERROR]: 2024-02-15 19:32:52 - Cannot create new comment
[INFO]: 2024-02-15 19:33:43 - Comment created sucessfully
[INFO]: 2024-02-15 19:34:07 - updated post sucessfully
[INFO]: 2024-02-15 19:34:31 - updated post sucessfully
[INFO]: 2024-02-15 19:35:23 - Comment updated sucessfully
[INFO]: 2024-02-15 19:35:41 - Comment updated sucessfully
[ERROR]: 2024-02-15 19:38:24 - Cannot update comment
[INFO]: 2024-02-15 19:39:16 - Comment updated sucessfully
[INFO]: 2024-02-15 19:39:33 - Comments retrived sucessfully
[INFO]: 2024-02-15 19:41:26 - Comments retrived sucessfully
[INFO]: 2024-02-15 19:41:38 - Comments retrived sucessfully
[INFO]: 2024-02-15 19:42:38 - Comments retrived sucessfully
[INFO]: 2024-02-15 19:42:50 - Comments retrived sucessfully
[INFO]: 2024-02-15 19:44:11 - Comments retrived sucessfully
[INFO]: 2024-02-15 19:44:28 - Fetched all posts
[INFO]: 2024-02-15 19:44:37 - Posts fetched by the category
[ERROR]: 2024-02-15 19:44:43 - Cannot get the posts by archives
[ERROR]: 2024-02-15 19:44:52 - Cannot get the posts by archives
[ERROR]: 2024-02-15 19:47:12 - Cannot get the posts by archives
[ERROR]: 2024-02-15 19:48:13 - Cannot get the posts by archives
[INFO]: 2024-02-15 19:49:50 - Posts by the archives retrived
[INFO]: 2024-02-15 19:50:43 - Overview for posts retrived
[INFO]: 2024-02-15 19:53:46 - Fetched all posts
[INFO]: 2024-02-15 19:53:50 - Fetched all posts
[INFO]: 2024-02-15 19:53:55 - Posts fetched by the category
[INFO]: 2024-05-24 15:44:05 - User created sucessfully
[ERROR]: 2024-05-24 15:46:46 - Cannot invalid user credentials
[INFO]: 2024-05-24 16:02:18 - User login sucessfully
[INFO]: 2024-05-24 16:03:41 - Category created sucessfully
[INFO]: 2024-05-24 16:03:57 - Post created sucessfully
[ERROR]: 2024-06-03 11:26:04 - Cannot invalid user credentials
[INFO]: 2024-06-03 11:26:14 - User created sucessfully
[INFO]: 2024-06-03 11:26:19 - User login sucessfully
[INFO]: 2024-06-03 11:26:39 - Category created sucessfully
[INFO]: 2024-06-03 11:26:54 - Post created sucessfully
[INFO]: 2024-06-03 11:27:51 - Fetched all posts
